<?xml version="1.0" encoding="utf-8"?>
<coverage line-rate="0.9273" branch-rate="0.7877" version="1.9" timestamp="1780619692" lines-covered="1290" lines-valid="1391" branches-covered="219" branches-valid="278">
  <sources>
    <source>C:/Users/alber/OneDrive/Escritorio/Proyectos pagos/GYMSOF/ControlFit/</source>
  </sources>
  <packages>
    <package name="ControlFit.Api" line-rate="0.9003" branch-rate="0.6666" complexity="136">
      <classes>
        <class name="Program" filename="ControlFit.Api/Program.cs" line-rate="1" branch-rate="0.5" complexity="2">
          <methods>
            <method name="&lt;Main&gt;$" signature="(System.String[])" line-rate="1" branch-rate="0.5" complexity="2">
              <lines>
                <line number="20" hits="1" branch="False" />
                <line number="21" hits="1" branch="False" />
                <line number="22" hits="1" branch="False" />
                <line number="23" hits="1" branch="False" />
                <line number="24" hits="1" branch="False" />
                <line number="25" hits="1" branch="False" />
                <line number="26" hits="1" branch="False" />
                <line number="27" hits="1" branch="False" />
                <line number="28" hits="1" branch="False" />
                <line number="29" hits="2" branch="False" />
                <line number="30" hits="2" branch="False" />
                <line number="31" hits="1" branch="False" />
                <line number="32" hits="1" branch="False" />
                <line number="33" hits="1" branch="False" />
                <line number="34" hits="1" branch="False" />
                <line number="35" hits="1" branch="False" />
                <line number="36" hits="1" branch="False" />
                <line number="37" hits="1" branch="False" />
                <line number="38" hits="1" branch="False" />
                <line number="39" hits="1" branch="False" />
                <line number="40" hits="1" branch="False" />
                <line number="41" hits="1" branch="False" />
                <line number="42" hits="1" branch="False" />
                <line number="43" hits="1" branch="False" />
                <line number="44" hits="1" branch="False" />
                <line number="45" hits="1" branch="False" />
                <line number="46" hits="1" branch="False" />
                <line number="47" hits="2" branch="False" />
                <line number="48" hits="1" branch="False" />
                <line number="51" hits="1" branch="False" />
                <line number="52" hits="1" branch="False" />
                <line number="54" hits="1" branch="False" />
                <line number="56" hits="1" branch="False" />
                <line number="57" hits="1" branch="False" />
                <line number="59" hits="1" branch="False" />
                <line number="60" hits="1" branch="False" />
                <line number="61" hits="1" branch="False" />
                <line number="62" hits="1" branch="False" />
                <line number="63" hits="1" branch="False" />
                <line number="64" hits="1" branch="False" />
                <line number="65" hits="1" branch="False" />
                <line number="66" hits="1" branch="False" />
                <line number="67" hits="1" branch="False" />
                <line number="68" hits="1" branch="False" />
                <line number="69" hits="1" branch="False" />
                <line number="70" hits="1" branch="False" />
                <line number="71" hits="1" branch="False" />
                <line number="72" hits="1" branch="False" />
                <line number="73" hits="1" branch="False" />
                <line number="74" hits="1" branch="False" />
                <line number="76" hits="1" branch="False" />
                <line number="80" hits="1" branch="True" condition-coverage="50% (1/2)">
                  <conditions>
                    <condition number="500" type="jump" coverage="50%" />
                  </conditions>
                </line>
                <line number="82" hits="1" branch="False" />
                <line number="83" hits="1" branch="False" />
                <line number="86" hits="1" branch="False" />
                <line number="88" hits="1" branch="False" />
                <line number="90" hits="1" branch="False" />
                <line number="92" hits="1" branch="False" />
                <line number="94" hits="1" branch="False" />
                <line number="96" hits="1" branch="False" />
              </lines>
            </method>
          </methods>
          <lines>
            <line number="20" hits="1" branch="False" />
            <line number="21" hits="1" branch="False" />
            <line number="22" hits="1" branch="False" />
            <line number="23" hits="1" branch="False" />
            <line number="24" hits="1" branch="False" />
            <line number="25" hits="1" branch="False" />
            <line number="26" hits="1" branch="False" />
            <line number="27" hits="1" branch="False" />
            <line number="28" hits="1" branch="False" />
            <line number="29" hits="2" branch="False" />
            <line number="30" hits="2" branch="False" />
            <line number="31" hits="1" branch="False" />
            <line number="32" hits="1" branch="False" />
            <line number="33" hits="1" branch="False" />
            <line number="34" hits="1" branch="False" />
            <line number="35" hits="1" branch="False" />
            <line number="36" hits="1" branch="False" />
            <line number="37" hits="1" branch="False" />
            <line number="38" hits="1" branch="False" />
            <line number="39" hits="1" branch="False" />
            <line number="40" hits="1" branch="False" />
            <line number="41" hits="1" branch="False" />
            <line number="42" hits="1" branch="False" />
            <line number="43" hits="1" branch="False" />
            <line number="44" hits="1" branch="False" />
            <line number="45" hits="1" branch="False" />
            <line number="46" hits="1" branch="False" />
            <line number="47" hits="2" branch="False" />
            <line number="48" hits="1" branch="False" />
            <line number="51" hits="1" branch="False" />
            <line number="52" hits="1" branch="False" />
            <line number="54" hits="1" branch="False" />
            <line number="56" hits="1" branch="False" />
            <line number="57" hits="1" branch="False" />
            <line number="59" hits="1" branch="False" />
            <line number="60" hits="1" branch="False" />
            <line number="61" hits="1" branch="False" />
            <line number="62" hits="1" branch="False" />
            <line number="63" hits="1" branch="False" />
            <line number="64" hits="1" branch="False" />
            <line number="65" hits="1" branch="False" />
            <line number="66" hits="1" branch="False" />
            <line number="67" hits="1" branch="False" />
            <line number="68" hits="1" branch="False" />
            <line number="69" hits="1" branch="False" />
            <line number="70" hits="1" branch="False" />
            <line number="71" hits="1" branch="False" />
            <line number="72" hits="1" branch="False" />
            <line number="73" hits="1" branch="False" />
            <line number="74" hits="1" branch="False" />
            <line number="76" hits="1" branch="False" />
            <line number="80" hits="1" branch="True" condition-coverage="50% (1/2)">
              <conditions>
                <condition number="500" type="jump" coverage="50%" />
              </conditions>
            </line>
            <line number="82" hits="1" branch="False" />
            <line number="83" hits="1" branch="False" />
            <line number="86" hits="1" branch="False" />
            <line number="88" hits="1" branch="False" />
            <line number="90" hits="1" branch="False" />
            <line number="92" hits="1" branch="False" />
            <line number="94" hits="1" branch="False" />
            <line number="96" hits="1" branch="False" />
          </lines>
        </class>
        <class name="ControlFit.Api.Controllers.AsignacionMembresiaController" filename="ControlFit.Api/Controllers/AsignacionMembresiaController.cs" line-rate="1" branch-rate="1" complexity="1">
          <methods>
            <method name=".ctor" signature="(ControlFit.Application.CasosUso.CRUDAsignacion.AsignacionMembresiaService)" line-rate="1" branch-rate="1" complexity="1">
              <lines>
                <line number="13" hits="27" branch="False" />
                <line number="14" hits="27" branch="False" />
                <line number="16" hits="27" branch="False" />
                <line number="17" hits="27" branch="False" />
              </lines>
            </method>
          </methods>
          <lines>
            <line number="13" hits="27" branch="False" />
            <line number="14" hits="27" branch="False" />
            <line number="16" hits="27" branch="False" />
            <line number="17" hits="27" branch="False" />
          </lines>
        </class>
        <class name="ControlFit.Api.Controllers.AsignacionMembresiaController/&lt;Crear&gt;d__2" filename="ControlFit.Api/Controllers/AsignacionMembresiaController.cs" line-rate="1" branch-rate="1" complexity="1">
          <methods>
            <method name="MoveNext" signature="()" line-rate="1" branch-rate="1" complexity="1">
              <lines>
                <line number="23" hits="20" branch="False" />
                <line number="25" hits="17" branch="False" />
                <line number="26" hits="17" branch="False" />
              </lines>
            </method>
          </methods>
          <lines>
            <line number="23" hits="20" branch="False" />
            <line number="25" hits="17" branch="False" />
            <line number="26" hits="17" branch="False" />
          </lines>
        </class>
        <class name="ControlFit.Api.Controllers.AsignacionMembresiaController/&lt;Eliminar&gt;d__5" filename="ControlFit.Api/Controllers/AsignacionMembresiaController.cs" line-rate="1" branch-rate="1" complexity="1">
          <methods>
            <method name="MoveNext" signature="()" line-rate="1" branch-rate="1" complexity="1">
              <lines>
                <line number="43" hits="2" branch="False" />
                <line number="45" hits="2" branch="False" />
                <line number="46" hits="2" branch="False" />
              </lines>
            </method>
          </methods>
          <lines>
            <line number="43" hits="2" branch="False" />
            <line number="45" hits="2" branch="False" />
            <line number="46" hits="2" branch="False" />
          </lines>
        </class>
        <class name="ControlFit.Api.Controllers.AsignacionMembresiaController/&lt;ObtenerPorId&gt;d__4" filename="ControlFit.Api/Controllers/AsignacionMembresiaController.cs" line-rate="1" branch-rate="1" complexity="1">
          <methods>
            <method name="MoveNext" signature="()" line-rate="1" branch-rate="1" complexity="1">
              <lines>
                <line number="37" hits="3" branch="False" />
                <line number="38" hits="2" branch="False" />
              </lines>
            </method>
          </methods>
          <lines>
            <line number="37" hits="3" branch="False" />
            <line number="38" hits="2" branch="False" />
          </lines>
        </class>
        <class name="ControlFit.Api.Controllers.AsignacionMembresiaController/&lt;ObtenerTodos&gt;d__3" filename="ControlFit.Api/Controllers/AsignacionMembresiaController.cs" line-rate="1" branch-rate="1" complexity="1">
          <methods>
            <method name="MoveNext" signature="()" line-rate="1" branch-rate="1" complexity="1">
              <lines>
                <line number="31" hits="2" branch="False" />
                <line number="32" hits="2" branch="False" />
              </lines>
            </method>
          </methods>
          <lines>
            <line number="31" hits="2" branch="False" />
            <line number="32" hits="2" branch="False" />
          </lines>
        </class>
        <class name="ControlFit.Api.Controllers.AsistenciaController" filename="ControlFit.Api/Controllers/AsistenciaController.cs" line-rate="1" branch-rate="1" complexity="1">
          <methods>
            <method name=".ctor" signature="(ControlFit.Application.CasosUso.Ingreso.RegistrarIngreso,ControlFit.Domain.Interfaz_puertos_.IAsistenciaRepository,ControlFit.Domain.Interfaz_puertos_.IMiembroRepository,ControlFit.Application.Servicios.IUserContextService)" line-rate="1" branch-rate="1" complexity="1">
              <lines>
                <line number="28" hits="17" branch="False" />
                <line number="29" hits="17" branch="False" />
                <line number="30" hits="17" branch="False" />
                <line number="31" hits="17" branch="False" />
                <line number="32" hits="17" branch="False" />
                <line number="34" hits="17" branch="False" />
                <line number="35" hits="17" branch="False" />
                <line number="36" hits="17" branch="False" />
                <line number="37" hits="17" branch="False" />
                <line number="38" hits="17" branch="False" />
              </lines>
            </method>
          </methods>
          <lines>
            <line number="28" hits="17" branch="False" />
            <line number="29" hits="17" branch="False" />
            <line number="30" hits="17" branch="False" />
            <line number="31" hits="17" branch="False" />
            <line number="32" hits="17" branch="False" />
            <line number="34" hits="17" branch="False" />
            <line number="35" hits="17" branch="False" />
            <line number="36" hits="17" branch="False" />
            <line number="37" hits="17" branch="False" />
            <line number="38" hits="17" branch="False" />
          </lines>
        </class>
        <class name="ControlFit.Api.Controllers.AsistenciaController/&lt;&lt;ObtenerAsistencias&gt;b__6_0&gt;d" filename="ControlFit.Api/Controllers/AsistenciaController.cs" line-rate="0.3333" branch-rate="0.25" complexity="4">
          <methods>
            <method name="MoveNext" signature="()" line-rate="0.3333" branch-rate="0.25" complexity="4">
              <lines>
                <line number="84" hits="1" branch="False" />
                <line number="85" hits="1" branch="False" />
                <line number="86" hits="2" branch="True" condition-coverage="50% (1/2)">
                  <conditions>
                    <condition number="378" type="jump" coverage="50%" />
                  </conditions>
                </line>
                <line number="88" hits="0" branch="False" />
                <line number="89" hits="0" branch="True" condition-coverage="0% (0/2)">
                  <conditions>
                    <condition number="316" type="jump" coverage="0%" />
                  </conditions>
                </line>
                <line number="90" hits="0" branch="False" />
                <line number="91" hits="0" branch="False" />
                <line number="92" hits="0" branch="False" />
                <line number="93" hits="0" branch="False" />
                <line number="94" hits="0" branch="False" />
                <line number="95" hits="0" branch="False" />
                <line number="96" hits="0" branch="False" />
                <line number="97" hits="0" branch="False" />
                <line number="98" hits="1" branch="False" />
                <line number="99" hits="2" branch="False" />
              </lines>
            </method>
          </methods>
          <lines>
            <line number="84" hits="1" branch="False" />
            <line number="85" hits="1" branch="False" />
            <line number="86" hits="2" branch="True" condition-coverage="50% (1/2)">
              <conditions>
                <condition number="378" type="jump" coverage="50%" />
              </conditions>
            </line>
            <line number="88" hits="0" branch="False" />
            <line number="89" hits="0" branch="True" condition-coverage="0% (0/2)">
              <conditions>
                <condition number="316" type="jump" coverage="0%" />
              </conditions>
            </line>
            <line number="90" hits="0" branch="False" />
            <line number="91" hits="0" branch="False" />
            <line number="92" hits="0" branch="False" />
            <line number="93" hits="0" branch="False" />
            <line number="94" hits="0" branch="False" />
            <line number="95" hits="0" branch="False" />
            <line number="96" hits="0" branch="False" />
            <line number="97" hits="0" branch="False" />
            <line number="98" hits="1" branch="False" />
            <line number="99" hits="2" branch="False" />
          </lines>
        </class>
        <class name="ControlFit.Api.Controllers.AsistenciaController/&lt;&lt;ObtenerAsistencias&gt;b__6_1&gt;d" filename="ControlFit.Api/Controllers/AsistenciaController.cs" line-rate="1" branch-rate="0.75" complexity="4">
          <methods>
            <method name="MoveNext" signature="()" line-rate="1" branch-rate="0.75" complexity="4">
              <lines>
                <line number="106" hits="1" branch="False" />
                <line number="107" hits="1" branch="False" />
                <line number="108" hits="8" branch="True" condition-coverage="100% (2/2)">
                  <conditions>
                    <condition number="378" type="jump" coverage="100%" />
                  </conditions>
                </line>
                <line number="110" hits="3" branch="False" />
                <line number="111" hits="3" branch="True" condition-coverage="50% (1/2)">
                  <conditions>
                    <condition number="316" type="jump" coverage="50%" />
                  </conditions>
                </line>
                <line number="112" hits="3" branch="False" />
                <line number="113" hits="3" branch="False" />
                <line number="114" hits="3" branch="False" />
                <line number="115" hits="3" branch="False" />
                <line number="116" hits="3" branch="False" />
                <line number="117" hits="3" branch="False" />
                <line number="118" hits="3" branch="False" />
                <line number="119" hits="3" branch="False" />
                <line number="120" hits="1" branch="False" />
                <line number="121" hits="2" branch="False" />
              </lines>
            </method>
          </methods>
          <lines>
            <line number="106" hits="1" branch="False" />
            <line number="107" hits="1" branch="False" />
            <line number="108" hits="8" branch="True" condition-coverage="100% (2/2)">
              <conditions>
                <condition number="378" type="jump" coverage="100%" />
              </conditions>
            </line>
            <line number="110" hits="3" branch="False" />
            <line number="111" hits="3" branch="True" condition-coverage="50% (1/2)">
              <conditions>
                <condition number="316" type="jump" coverage="50%" />
              </conditions>
            </line>
            <line number="112" hits="3" branch="False" />
            <line number="113" hits="3" branch="False" />
            <line number="114" hits="3" branch="False" />
            <line number="115" hits="3" branch="False" />
            <line number="116" hits="3" branch="False" />
            <line number="117" hits="3" branch="False" />
            <line number="118" hits="3" branch="False" />
            <line number="119" hits="3" branch="False" />
            <line number="120" hits="1" branch="False" />
            <line number="121" hits="2" branch="False" />
          </lines>
        </class>
        <class name="ControlFit.Api.Controllers.AsistenciaController/&lt;&gt;c__DisplayClass7_0" filename="ControlFit.Api/Controllers/AsistenciaController.cs" line-rate="0" branch-rate="0" complexity="2">
          <methods>
            <method name="&lt;FiltrarAsistencias&gt;b__0" signature="(ControlFit.Domain.Entidad.Asistencia)" line-rate="0" branch-rate="0" complexity="2">
              <lines>
                <line number="194" hits="0" branch="True" condition-coverage="0% (0/2)">
                  <conditions>
                    <condition number="17" type="jump" coverage="0%" />
                  </conditions>
                </line>
              </lines>
            </method>
          </methods>
          <lines>
            <line number="194" hits="0" branch="True" condition-coverage="0% (0/2)">
              <conditions>
                <condition number="17" type="jump" coverage="0%" />
              </conditions>
            </line>
          </lines>
        </class>
        <class name="ControlFit.Api.Controllers.AsistenciaController/&lt;FiltrarAsistencias&gt;d__7" filename="ControlFit.Api/Controllers/AsistenciaController.cs" line-rate="0.6666" branch-rate="0.5" complexity="22">
          <methods>
            <method name="MoveNext" signature="()" line-rate="0.6666" branch-rate="0.5" complexity="22">
              <lines>
                <line number="149" hits="1" branch="False" />
                <line number="152" hits="1" branch="True" condition-coverage="100% (4/4)">
                  <conditions>
                    <condition number="88" type="jump" coverage="100%" />
                    <condition number="104" type="jump" coverage="100%" />
                  </conditions>
                </line>
                <line number="154" hits="1" branch="False" />
                <line number="155" hits="1" branch="True" condition-coverage="50% (1/2)">
                  <conditions>
                    <condition number="231" type="jump" coverage="50%" />
                  </conditions>
                </line>
                <line number="156" hits="0" branch="False" />
                <line number="160" hits="1" branch="True" condition-coverage="50% (1/2)">
                  <conditions>
                    <condition number="276" type="jump" coverage="50%" />
                  </conditions>
                </line>
                <line number="161" hits="1" branch="True" condition-coverage="50% (1/2)">
                  <conditions>
                    <condition number="336" type="jump" coverage="50%" />
                  </conditions>
                </line>
                <line number="163" hits="1" branch="False" />
                <line number="165" hits="1" branch="True" condition-coverage="50% (1/2)">
                  <conditions>
                    <condition number="397" type="jump" coverage="50%" />
                  </conditions>
                </line>
                <line number="167" hits="1" branch="False" />
                <line number="168" hits="1" branch="False" />
                <line number="169" hits="1" branch="False" />
                <line number="170" hits="1" branch="False" />
                <line number="171" hits="1" branch="False" />
                <line number="172" hits="1" branch="False" />
                <line number="174" hits="1" branch="False" />
                <line number="175" hits="4" branch="True" condition-coverage="100% (2/2)">
                  <conditions>
                    <condition number="755" type="jump" coverage="100%" />
                  </conditions>
                </line>
                <line number="177" hits="1" branch="True" condition-coverage="50% (1/2)">
                  <conditions>
                    <condition number="712" type="jump" coverage="50%" />
                  </conditions>
                </line>
                <line number="178" hits="1" branch="False" />
                <line number="179" hits="1" branch="False" />
                <line number="180" hits="1" branch="False" />
                <line number="181" hits="1" branch="False" />
                <line number="182" hits="1" branch="False" />
                <line number="183" hits="1" branch="False" />
                <line number="184" hits="1" branch="False" />
                <line number="186" hits="1" branch="False" />
                <line number="189" hits="0" branch="True" condition-coverage="0% (0/2)">
                  <conditions>
                    <condition number="800" type="jump" coverage="0%" />
                  </conditions>
                </line>
                <line number="190" hits="0" branch="False" />
                <line number="191" hits="0" branch="False" />
                <line number="193" hits="0" branch="False" />
                <line number="195" hits="0" branch="False" />
                <line number="197" hits="0" branch="True" condition-coverage="0% (0/2)">
                  <conditions>
                    <condition number="1303" type="jump" coverage="0%" />
                  </conditions>
                </line>
                <line number="199" hits="0" branch="False" />
                <line number="200" hits="0" branch="True" condition-coverage="0% (0/2)">
                  <conditions>
                    <condition number="1241" type="jump" coverage="0%" />
                  </conditions>
                </line>
                <line number="201" hits="0" branch="False" />
                <line number="202" hits="0" branch="False" />
                <line number="203" hits="0" branch="False" />
                <line number="204" hits="0" branch="False" />
                <line number="205" hits="0" branch="False" />
                <line number="206" hits="0" branch="False" />
                <line number="207" hits="0" branch="False" />
                <line number="208" hits="0" branch="False" />
                <line number="211" hits="1" branch="False" />
                <line number="212" hits="1" branch="False" />
                <line number="213" hits="1" branch="False" />
                <line number="214" hits="1" branch="False" />
                <line number="215" hits="1" branch="False" />
                <line number="216" hits="1" branch="False" />
                <line number="217" hits="1" branch="False" />
                <line number="218" hits="1" branch="False" />
                <line number="219" hits="1" branch="False" />
                <line number="220" hits="1" branch="False" />
                <line number="221" hits="1" branch="False" />
                <line number="222" hits="1" branch="False" />
                <line number="224" hits="0" branch="False" />
                <line number="226" hits="0" branch="False" />
                <line number="228" hits="1" branch="False" />
              </lines>
            </method>
          </methods>
          <lines>
            <line number="149" hits="1" branch="False" />
            <line number="152" hits="1" branch="True" condition-coverage="100% (4/4)">
              <conditions>
                <condition number="88" type="jump" coverage="100%" />
                <condition number="104" type="jump" coverage="100%" />
              </conditions>
            </line>
            <line number="154" hits="1" branch="False" />
            <line number="155" hits="1" branch="True" condition-coverage="50% (1/2)">
              <conditions>
                <condition number="231" type="jump" coverage="50%" />
              </conditions>
            </line>
            <line number="156" hits="0" branch="False" />
            <line number="160" hits="1" branch="True" condition-coverage="50% (1/2)">
              <conditions>
                <condition number="276" type="jump" coverage="50%" />
              </conditions>
            </line>
            <line number="161" hits="1" branch="True" condition-coverage="50% (1/2)">
              <conditions>
                <condition number="336" type="jump" coverage="50%" />
              </conditions>
            </line>
            <line number="163" hits="1" branch="False" />
            <line number="165" hits="1" branch="True" condition-coverage="50% (1/2)">
              <conditions>
                <condition number="397" type="jump" coverage="50%" />
              </conditions>
            </line>
            <line number="167" hits="1" branch="False" />
            <line number="168" hits="1" branch="False" />
            <line number="169" hits="1" branch="False" />
            <line number="170" hits="1" branch="False" />
            <line number="171" hits="1" branch="False" />
            <line number="172" hits="1" branch="False" />
            <line number="174" hits="1" branch="False" />
            <line number="175" hits="4" branch="True" condition-coverage="100% (2/2)">
              <conditions>
                <condition number="755" type="jump" coverage="100%" />
              </conditions>
            </line>
            <line number="177" hits="1" branch="True" condition-coverage="50% (1/2)">
              <conditions>
                <condition number="712" type="jump" coverage="50%" />
              </conditions>
            </line>
            <line number="178" hits="1" branch="False" />
            <line number="179" hits="1" branch="False" />
            <line number="180" hits="1" branch="False" />
            <line number="181" hits="1" branch="False" />
            <line number="182" hits="1" branch="False" />
            <line number="183" hits="1" branch="False" />
            <line number="184" hits="1" branch="False" />
            <line number="186" hits="1" branch="False" />
            <line number="189" hits="0" branch="True" condition-coverage="0% (0/2)">
              <conditions>
                <condition number="800" type="jump" coverage="0%" />
              </conditions>
            </line>
            <line number="190" hits="0" branch="False" />
            <line number="191" hits="0" branch="False" />
            <line number="193" hits="0" branch="False" />
            <line number="195" hits="0" branch="False" />
            <line number="197" hits="0" branch="True" condition-coverage="0% (0/2)">
              <conditions>
                <condition number="1303" type="jump" coverage="0%" />
              </conditions>
            </line>
            <line number="199" hits="0" branch="False" />
            <line number="200" hits="0" branch="True" condition-coverage="0% (0/2)">
              <conditions>
                <condition number="1241" type="jump" coverage="0%" />
              </conditions>
            </line>
            <line number="201" hits="0" branch="False" />
            <line number="202" hits="0" branch="False" />
            <line number="203" hits="0" branch="False" />
            <line number="204" hits="0" branch="False" />
            <line number="205" hits="0" branch="False" />
            <line number="206" hits="0" branch="False" />
            <line number="207" hits="0" branch="False" />
            <line number="208" hits="0" branch="False" />
            <line number="211" hits="1" branch="False" />
            <line number="212" hits="1" branch="False" />
            <line number="213" hits="1" branch="False" />
            <line number="214" hits="1" branch="False" />
            <line number="215" hits="1" branch="False" />
            <line number="216" hits="1" branch="False" />
            <line number="217" hits="1" branch="False" />
            <line number="218" hits="1" branch="False" />
            <line number="219" hits="1" branch="False" />
            <line number="220" hits="1" branch="False" />
            <line number="221" hits="1" branch="False" />
            <line number="222" hits="1" branch="False" />
            <line number="224" hits="0" branch="False" />
            <line number="226" hits="0" branch="False" />
            <line number="228" hits="1" branch="False" />
          </lines>
        </class>
        <class name="ControlFit.Api.Controllers.AsistenciaController/&lt;ObtenerAsistencias&gt;d__6" filename="ControlFit.Api/Controllers/AsistenciaController.cs" line-rate="0.8946999999999999" branch-rate="1" complexity="2">
          <methods>
            <method name="MoveNext" signature="()" line-rate="0.8946999999999999" branch-rate="1" complexity="2">
              <lines>
                <line number="76" hits="2" branch="False" />
                <line number="79" hits="2" branch="True" condition-coverage="100% (2/2)">
                  <conditions>
                    <condition number="52" type="jump" coverage="100%" />
                  </conditions>
                </line>
                <line number="81" hits="1" branch="False" />
                <line number="82" hits="1" branch="False" />
                <line number="83" hits="1" branch="False" />
                <line number="87" hits="1" branch="False" />
                <line number="103" hits="1" branch="False" />
                <line number="104" hits="1" branch="False" />
                <line number="105" hits="1" branch="False" />
                <line number="109" hits="1" branch="False" />
                <line number="124" hits="2" branch="False" />
                <line number="125" hits="2" branch="False" />
                <line number="126" hits="2" branch="False" />
                <line number="127" hits="2" branch="False" />
                <line number="128" hits="2" branch="False" />
                <line number="129" hits="2" branch="False" />
                <line number="131" hits="0" branch="False" />
                <line number="133" hits="0" branch="False" />
                <line number="135" hits="2" branch="False" />
              </lines>
            </method>
          </methods>
          <lines>
            <line number="76" hits="2" branch="False" />
            <line number="79" hits="2" branch="True" condition-coverage="100% (2/2)">
              <conditions>
                <condition number="52" type="jump" coverage="100%" />
              </conditions>
            </line>
            <line number="81" hits="1" branch="False" />
            <line number="82" hits="1" branch="False" />
            <line number="83" hits="1" branch="False" />
            <line number="87" hits="1" branch="False" />
            <line number="103" hits="1" branch="False" />
            <line number="104" hits="1" branch="False" />
            <line number="105" hits="1" branch="False" />
            <line number="109" hits="1" branch="False" />
            <line number="124" hits="2" branch="False" />
            <line number="125" hits="2" branch="False" />
            <line number="126" hits="2" branch="False" />
            <line number="127" hits="2" branch="False" />
            <line number="128" hits="2" branch="False" />
            <line number="129" hits="2" branch="False" />
            <line number="131" hits="0" branch="False" />
            <line number="133" hits="0" branch="False" />
            <line number="135" hits="2" branch="False" />
          </lines>
        </class>
        <class name="ControlFit.Api.Controllers.AsistenciaController/&lt;RegistrarIngreso&gt;d__5" filename="ControlFit.Api/Controllers/AsistenciaController.cs" line-rate="1" branch-rate="1" complexity="4">
          <methods>
            <method name="MoveNext" signature="()" line-rate="1" branch-rate="1" complexity="4">
              <lines>
                <line number="49" hits="14" branch="True" condition-coverage="100% (4/4)">
                  <conditions>
                    <condition number="26" type="jump" coverage="100%" />
                    <condition number="40" type="jump" coverage="100%" />
                  </conditions>
                </line>
                <line number="50" hits="2" branch="False" />
                <line number="52" hits="12" branch="False" />
                <line number="54" hits="5" branch="False" />
                <line number="55" hits="5" branch="False" />
                <line number="56" hits="5" branch="False" />
                <line number="57" hits="5" branch="False" />
                <line number="58" hits="5" branch="False" />
                <line number="60" hits="7" branch="False" />
                <line number="62" hits="7" branch="False" />
                <line number="64" hits="14" branch="False" />
              </lines>
            </method>
          </methods>
          <lines>
            <line number="49" hits="14" branch="True" condition-coverage="100% (4/4)">
              <conditions>
                <condition number="26" type="jump" coverage="100%" />
                <condition number="40" type="jump" coverage="100%" />
              </conditions>
            </line>
            <line number="50" hits="2" branch="False" />
            <line number="52" hits="12" branch="False" />
            <line number="54" hits="5" branch="False" />
            <line number="55" hits="5" branch="False" />
            <line number="56" hits="5" branch="False" />
            <line number="57" hits="5" branch="False" />
            <line number="58" hits="5" branch="False" />
            <line number="60" hits="7" branch="False" />
            <line number="62" hits="7" branch="False" />
            <line number="64" hits="14" branch="False" />
          </lines>
        </class>
        <class name="ControlFit.Api.Controllers.AutenticacionController" filename="ControlFit.Api/Controllers/AutenticacionController.cs" line-rate="1" branch-rate="1" complexity="1">
          <methods>
            <method name=".ctor" signature="(ControlFit.Application.CasosUso.Auth.RegistrarAdministrador,ControlFit.Application.CasosUso.Auth.LoginAdministrador)" line-rate="1" branch-rate="1" complexity="1">
              <lines>
                <line number="16" hits="20" branch="False" />
                <line number="18" hits="20" branch="False" />
                <line number="19" hits="20" branch="False" />
                <line number="20" hits="20" branch="False" />
              </lines>
            </method>
          </methods>
          <lines>
            <line number="16" hits="20" branch="False" />
            <line number="18" hits="20" branch="False" />
            <line number="19" hits="20" branch="False" />
            <line number="20" hits="20" branch="False" />
          </lines>
        </class>
        <class name="ControlFit.Api.Controllers.AutenticacionController/&lt;Login&gt;d__4" filename="ControlFit.Api/Controllers/AutenticacionController.cs" line-rate="1" branch-rate="1" complexity="2">
          <methods>
            <method name="MoveNext" signature="()" line-rate="1" branch-rate="1" complexity="2">
              <lines>
                <line number="33" hits="10" branch="False" />
                <line number="34" hits="10" branch="True" condition-coverage="100% (2/2)">
                  <conditions>
                    <condition number="128" type="jump" coverage="100%" />
                  </conditions>
                </line>
                <line number="35" hits="4" branch="False" />
                <line number="37" hits="6" branch="False" />
                <line number="38" hits="10" branch="False" />
              </lines>
            </method>
          </methods>
          <lines>
            <line number="33" hits="10" branch="False" />
            <line number="34" hits="10" branch="True" condition-coverage="100% (2/2)">
              <conditions>
                <condition number="128" type="jump" coverage="100%" />
              </conditions>
            </line>
            <line number="35" hits="4" branch="False" />
            <line number="37" hits="6" branch="False" />
            <line number="38" hits="10" branch="False" />
          </lines>
        </class>
        <class name="ControlFit.Api.Controllers.AutenticacionController/&lt;Registrar&gt;d__3" filename="ControlFit.Api/Controllers/AutenticacionController.cs" line-rate="1" branch-rate="1" complexity="1">
          <methods>
            <method name="MoveNext" signature="()" line-rate="1" branch-rate="1" complexity="1">
              <lines>
                <line number="26" hits="10" branch="False" />
                <line number="27" hits="7" branch="False" />
                <line number="28" hits="7" branch="False" />
              </lines>
            </method>
          </methods>
          <lines>
            <line number="26" hits="10" branch="False" />
            <line number="27" hits="7" branch="False" />
            <line number="28" hits="7" branch="False" />
          </lines>
        </class>
        <class name="ControlFit.Api.Controllers.GimnasioController" filename="ControlFit.Api/Controllers/GimnasioController.cs" line-rate="1" branch-rate="1" complexity="1">
          <methods>
            <method name=".ctor" signature="(ControlFit.Application.CasosUso.CRUDGimnasio.GimnasioService)" line-rate="1" branch-rate="1" complexity="1">
              <lines>
                <line number="16" hits="22" branch="False" />
                <line number="18" hits="22" branch="False" />
                <line number="19" hits="22" branch="False" />
              </lines>
            </method>
          </methods>
          <lines>
            <line number="16" hits="22" branch="False" />
            <line number="18" hits="22" branch="False" />
            <line number="19" hits="22" branch="False" />
          </lines>
        </class>
        <class name="ControlFit.Api.Controllers.GimnasioController/&lt;Actualizar&gt;d__5" filename="ControlFit.Api/Controllers/GimnasioController.cs" line-rate="0.9166" branch-rate="0.5" complexity="2">
          <methods>
            <method name="MoveNext" signature="()" line-rate="0.9166" branch-rate="0.5" complexity="2">
              <lines>
                <line number="81" hits="3" branch="False" />
                <line number="82" hits="2" branch="True" condition-coverage="50% (1/2)">
                  <conditions>
                    <condition number="140" type="jump" coverage="50%" />
                  </conditions>
                </line>
                <line number="83" hits="0" branch="False" />
                <line number="85" hits="2" branch="False" />
                <line number="86" hits="2" branch="False" />
                <line number="87" hits="2" branch="False" />
                <line number="88" hits="2" branch="False" />
                <line number="89" hits="2" branch="False" />
                <line number="90" hits="2" branch="False" />
                <line number="92" hits="1" branch="False" />
                <line number="94" hits="1" branch="False" />
                <line number="96" hits="3" branch="False" />
              </lines>
            </method>
          </methods>
          <lines>
            <line number="81" hits="3" branch="False" />
            <line number="82" hits="2" branch="True" condition-coverage="50% (1/2)">
              <conditions>
                <condition number="140" type="jump" coverage="50%" />
              </conditions>
            </line>
            <line number="83" hits="0" branch="False" />
            <line number="85" hits="2" branch="False" />
            <line number="86" hits="2" branch="False" />
            <line number="87" hits="2" branch="False" />
            <line number="88" hits="2" branch="False" />
            <line number="89" hits="2" branch="False" />
            <line number="90" hits="2" branch="False" />
            <line number="92" hits="1" branch="False" />
            <line number="94" hits="1" branch="False" />
            <line number="96" hits="3" branch="False" />
          </lines>
        </class>
        <class name="ControlFit.Api.Controllers.GimnasioController/&lt;Crear&gt;d__2" filename="ControlFit.Api/Controllers/GimnasioController.cs" line-rate="1" branch-rate="1" complexity="1">
          <methods>
            <method name="MoveNext" signature="()" line-rate="1" branch-rate="1" complexity="1">
              <lines>
                <line number="26" hits="11" branch="False" />
                <line number="27" hits="7" branch="False" />
                <line number="28" hits="7" branch="False" />
                <line number="29" hits="7" branch="False" />
                <line number="30" hits="7" branch="False" />
                <line number="31" hits="7" branch="False" />
                <line number="33" hits="4" branch="False" />
                <line number="35" hits="4" branch="False" />
                <line number="37" hits="11" branch="False" />
              </lines>
            </method>
          </methods>
          <lines>
            <line number="26" hits="11" branch="False" />
            <line number="27" hits="7" branch="False" />
            <line number="28" hits="7" branch="False" />
            <line number="29" hits="7" branch="False" />
            <line number="30" hits="7" branch="False" />
            <line number="31" hits="7" branch="False" />
            <line number="33" hits="4" branch="False" />
            <line number="35" hits="4" branch="False" />
            <line number="37" hits="11" branch="False" />
          </lines>
        </class>
        <class name="ControlFit.Api.Controllers.GimnasioController/&lt;Eliminar&gt;d__6" filename="ControlFit.Api/Controllers/GimnasioController.cs" line-rate="1" branch-rate="1" complexity="1">
          <methods>
            <method name="MoveNext" signature="()" line-rate="1" branch-rate="1" complexity="1">
              <lines>
                <line number="103" hits="3" branch="False" />
                <line number="104" hits="2" branch="False" />
                <line number="106" hits="1" branch="False" />
                <line number="108" hits="1" branch="False" />
                <line number="110" hits="3" branch="False" />
              </lines>
            </method>
          </methods>
          <lines>
            <line number="103" hits="3" branch="False" />
            <line number="104" hits="2" branch="False" />
            <line number="106" hits="1" branch="False" />
            <line number="108" hits="1" branch="False" />
            <line number="110" hits="3" branch="False" />
          </lines>
        </class>
        <class name="ControlFit.Api.Controllers.GimnasioController/&lt;ObtenerPorId&gt;d__3" filename="ControlFit.Api/Controllers/GimnasioController.cs" line-rate="1" branch-rate="1" complexity="1">
          <methods>
            <method name="MoveNext" signature="()" line-rate="1" branch-rate="1" complexity="1">
              <lines>
                <line number="44" hits="3" branch="False" />
                <line number="45" hits="2" branch="False" />
                <line number="46" hits="2" branch="False" />
                <line number="47" hits="2" branch="False" />
                <line number="48" hits="2" branch="False" />
                <line number="49" hits="2" branch="False" />
                <line number="51" hits="1" branch="False" />
                <line number="53" hits="1" branch="False" />
                <line number="55" hits="3" branch="False" />
              </lines>
            </method>
          </methods>
          <lines>
            <line number="44" hits="3" branch="False" />
            <line number="45" hits="2" branch="False" />
            <line number="46" hits="2" branch="False" />
            <line number="47" hits="2" branch="False" />
            <line number="48" hits="2" branch="False" />
            <line number="49" hits="2" branch="False" />
            <line number="51" hits="1" branch="False" />
            <line number="53" hits="1" branch="False" />
            <line number="55" hits="3" branch="False" />
          </lines>
        </class>
        <class name="ControlFit.Api.Controllers.GimnasioController/&lt;ObtenerTodos&gt;d__4" filename="ControlFit.Api/Controllers/GimnasioController.cs" line-rate="0.8" branch-rate="1" complexity="1">
          <methods>
            <method name="MoveNext" signature="()" line-rate="0.8" branch-rate="1" complexity="1">
              <lines>
                <line number="62" hits="2" branch="False" />
                <line number="63" hits="2" branch="False" />
                <line number="64" hits="2" branch="False" />
                <line number="65" hits="2" branch="False" />
                <line number="66" hits="2" branch="False" />
                <line number="67" hits="2" branch="False" />
                <line number="68" hits="2" branch="False" />
                <line number="70" hits="0" branch="False" />
                <line number="72" hits="0" branch="False" />
                <line number="74" hits="2" branch="False" />
              </lines>
            </method>
          </methods>
          <lines>
            <line number="62" hits="2" branch="False" />
            <line number="63" hits="2" branch="False" />
            <line number="64" hits="2" branch="False" />
            <line number="65" hits="2" branch="False" />
            <line number="66" hits="2" branch="False" />
            <line number="67" hits="2" branch="False" />
            <line number="68" hits="2" branch="False" />
            <line number="70" hits="0" branch="False" />
            <line number="72" hits="0" branch="False" />
            <line number="74" hits="2" branch="False" />
          </lines>
        </class>
        <class name="ControlFit.Api.Controllers.HistorialController" filename="ControlFit.Api/Controllers/HistorialController.cs" line-rate="1" branch-rate="1" complexity="1">
          <methods>
            <method name=".ctor" signature="(ControlFit.Domain.Interfaz_puertos_.IMiembroRepository,ControlFit.Domain.Interfaz_puertos_.IMembresiaRepository,ControlFit.Domain.Interfaz_puertos_.IAsignacionMembresiaRepository,ControlFit.Domain.Interfaz_puertos_.IAsistenciaRepository,ControlFit.Application.Servicios.IUserContextService)" line-rate="1" branch-rate="1" complexity="1">
              <lines>
                <line number="30" hits="15" branch="False" />
                <line number="31" hits="15" branch="False" />
                <line number="32" hits="15" branch="False" />
                <line number="33" hits="15" branch="False" />
                <line number="34" hits="15" branch="False" />
                <line number="35" hits="15" branch="False" />
                <line number="37" hits="15" branch="False" />
                <line number="38" hits="15" branch="False" />
                <line number="39" hits="15" branch="False" />
                <line number="40" hits="15" branch="False" />
                <line number="41" hits="15" branch="False" />
                <line number="42" hits="15" branch="False" />
              </lines>
            </method>
          </methods>
          <lines>
            <line number="30" hits="15" branch="False" />
            <line number="31" hits="15" branch="False" />
            <line number="32" hits="15" branch="False" />
            <line number="33" hits="15" branch="False" />
            <line number="34" hits="15" branch="False" />
            <line number="35" hits="15" branch="False" />
            <line number="37" hits="15" branch="False" />
            <line number="38" hits="15" branch="False" />
            <line number="39" hits="15" branch="False" />
            <line number="40" hits="15" branch="False" />
            <line number="41" hits="15" branch="False" />
            <line number="42" hits="15" branch="False" />
          </lines>
        </class>
        <class name="ControlFit.Api.Controllers.HistorialController/&lt;&gt;c" filename="ControlFit.Api/Controllers/HistorialController.cs" line-rate="1" branch-rate="1" complexity="6">
          <methods>
            <method name="&lt;ObtenerHistorialAsignaciones&gt;b__7_0" signature="(ControlFit.Domain.Entidad.AsignacionMembresia)" line-rate="1" branch-rate="1" complexity="1">
              <lines>
                <line number="138" hits="3" branch="False" />
                <line number="139" hits="3" branch="False" />
                <line number="140" hits="3" branch="False" />
                <line number="141" hits="3" branch="False" />
                <line number="142" hits="3" branch="False" />
                <line number="143" hits="3" branch="False" />
                <line number="144" hits="3" branch="False" />
                <line number="145" hits="3" branch="False" />
                <line number="146" hits="3" branch="False" />
                <line number="147" hits="3" branch="False" />
              </lines>
            </method>
            <method name="&lt;ObtenerHistorialAsistencias&gt;b__8_0" signature="(ControlFit.Domain.Entidad.Asistencia)" line-rate="1" branch-rate="1" complexity="1">
              <lines>
                <line number="205" hits="1" branch="False" />
              </lines>
            </method>
            <method name="&lt;ObtenerHistorialAsistencias&gt;b__8_1" signature="(ControlFit.Domain.Entidad.Asistencia)" line-rate="1" branch-rate="1" complexity="1">
              <lines>
                <line number="206" hits="1" branch="False" />
                <line number="207" hits="1" branch="False" />
                <line number="208" hits="1" branch="False" />
                <line number="209" hits="1" branch="False" />
                <line number="210" hits="1" branch="False" />
                <line number="211" hits="1" branch="False" />
                <line number="212" hits="1" branch="False" />
                <line number="213" hits="1" branch="False" />
                <line number="214" hits="1" branch="False" />
              </lines>
            </method>
            <method name="&lt;ObtenerHistorialAsistencias&gt;b__8_2" signature="(&lt;&gt;f__AnonymousType14`6&lt;System.Int32,System.Int32,System.Int32,System.DateTime,System.String,System.String&gt;)" line-rate="1" branch-rate="1" complexity="1">
              <lines>
                <line number="222" hits="1" branch="False" />
              </lines>
            </method>
            <method name="&lt;ObtenerHistorialAsistencias&gt;b__8_3" signature="(System.Linq.IGrouping`2&lt;System.String,&lt;&gt;f__AnonymousType14`6&lt;System.Int32,System.Int32,System.Int32,System.DateTime,System.String,System.String&gt;&gt;)" line-rate="1" branch-rate="1" complexity="1">
              <lines>
                <line number="223" hits="1" branch="False" />
              </lines>
            </method>
            <method name="&lt;ObtenerResumenMiembro&gt;b__9_0" signature="(ControlFit.Domain.Entidad.Asistencia)" line-rate="1" branch-rate="1" complexity="1">
              <lines>
                <line number="312" hits="1" branch="False" />
              </lines>
            </method>
          </methods>
          <lines>
            <line number="138" hits="3" branch="False" />
            <line number="139" hits="3" branch="False" />
            <line number="140" hits="3" branch="False" />
            <line number="141" hits="3" branch="False" />
            <line number="142" hits="3" branch="False" />
            <line number="143" hits="3" branch="False" />
            <line number="144" hits="3" branch="False" />
            <line number="145" hits="3" branch="False" />
            <line number="146" hits="3" branch="False" />
            <line number="147" hits="3" branch="False" />
            <line number="205" hits="1" branch="False" />
            <line number="206" hits="1" branch="False" />
            <line number="207" hits="1" branch="False" />
            <line number="208" hits="1" branch="False" />
            <line number="209" hits="1" branch="False" />
            <line number="210" hits="1" branch="False" />
            <line number="211" hits="1" branch="False" />
            <line number="212" hits="1" branch="False" />
            <line number="213" hits="1" branch="False" />
            <line number="214" hits="1" branch="False" />
            <line number="222" hits="1" branch="False" />
            <line number="223" hits="1" branch="False" />
            <line number="312" hits="1" branch="False" />
          </lines>
        </class>
        <class name="ControlFit.Api.Controllers.HistorialController/&lt;ObtenerHistorialAsignaciones&gt;d__7" filename="ControlFit.Api/Controllers/HistorialController.cs" line-rate="0.7619" branch-rate="0.625" complexity="8">
          <methods>
            <method name="MoveNext" signature="()" line-rate="0.7619" branch-rate="0.625" complexity="8">
              <lines>
                <line number="117" hits="2" branch="True" condition-coverage="50% (1/2)">
                  <conditions>
                    <condition number="44" type="jump" coverage="50%" />
                  </conditions>
                </line>
                <line number="118" hits="0" branch="False" />
                <line number="120" hits="2" branch="False" />
                <line number="123" hits="2" branch="True" condition-coverage="100% (2/2)">
                  <conditions>
                    <condition number="96" type="jump" coverage="100%" />
                  </conditions>
                </line>
                <line number="125" hits="1" branch="False" />
                <line number="126" hits="1" branch="True" condition-coverage="50% (1/2)">
                  <conditions>
                    <condition number="220" type="jump" coverage="50%" />
                  </conditions>
                </line>
                <line number="127" hits="0" branch="False" />
                <line number="131" hits="1" branch="False" />
                <line number="132" hits="1" branch="True" condition-coverage="50% (1/2)">
                  <conditions>
                    <condition number="360" type="jump" coverage="50%" />
                  </conditions>
                </line>
                <line number="133" hits="0" branch="False" />
                <line number="136" hits="2" branch="False" />
                <line number="149" hits="2" branch="False" />
                <line number="150" hits="2" branch="False" />
                <line number="151" hits="2" branch="False" />
                <line number="152" hits="2" branch="False" />
                <line number="153" hits="2" branch="False" />
                <line number="154" hits="2" branch="False" />
                <line number="155" hits="2" branch="False" />
                <line number="157" hits="0" branch="False" />
                <line number="159" hits="0" branch="False" />
                <line number="161" hits="2" branch="False" />
              </lines>
            </method>
          </methods>
          <lines>
            <line number="117" hits="2" branch="True" condition-coverage="50% (1/2)">
              <conditions>
                <condition number="44" type="jump" coverage="50%" />
              </conditions>
            </line>
            <line number="118" hits="0" branch="False" />
            <line number="120" hits="2" branch="False" />
            <line number="123" hits="2" branch="True" condition-coverage="100% (2/2)">
              <conditions>
                <condition number="96" type="jump" coverage="100%" />
              </conditions>
            </line>
            <line number="125" hits="1" branch="False" />
            <line number="126" hits="1" branch="True" condition-coverage="50% (1/2)">
              <conditions>
                <condition number="220" type="jump" coverage="50%" />
              </conditions>
            </line>
            <line number="127" hits="0" branch="False" />
            <line number="131" hits="1" branch="False" />
            <line number="132" hits="1" branch="True" condition-coverage="50% (1/2)">
              <conditions>
                <condition number="360" type="jump" coverage="50%" />
              </conditions>
            </line>
            <line number="133" hits="0" branch="False" />
            <line number="136" hits="2" branch="False" />
            <line number="149" hits="2" branch="False" />
            <line number="150" hits="2" branch="False" />
            <line number="151" hits="2" branch="False" />
            <line number="152" hits="2" branch="False" />
            <line number="153" hits="2" branch="False" />
            <line number="154" hits="2" branch="False" />
            <line number="155" hits="2" branch="False" />
            <line number="157" hits="0" branch="False" />
            <line number="159" hits="0" branch="False" />
            <line number="161" hits="2" branch="False" />
          </lines>
        </class>
        <class name="ControlFit.Api.Controllers.HistorialController/&lt;ObtenerHistorialAsistencias&gt;d__8" filename="ControlFit.Api/Controllers/HistorialController.cs" line-rate="0.8837" branch-rate="0.7857" complexity="14">
          <methods>
            <method name="MoveNext" signature="()" line-rate="0.8837" branch-rate="0.7857" complexity="14">
              <lines>
                <line number="174" hits="4" branch="True" condition-coverage="50% (1/2)">
                  <conditions>
                    <condition number="44" type="jump" coverage="50%" />
                  </conditions>
                </line>
                <line number="175" hits="0" branch="False" />
                <line number="177" hits="4" branch="False" />
                <line number="180" hits="4" branch="True" condition-coverage="100% (2/2)">
                  <conditions>
                    <condition number="96" type="jump" coverage="100%" />
                  </conditions>
                </line>
                <line number="182" hits="3" branch="False" />
                <line number="183" hits="3" branch="True" condition-coverage="50% (1/2)">
                  <conditions>
                    <condition number="220" type="jump" coverage="50%" />
                  </conditions>
                </line>
                <line number="184" hits="0" branch="False" />
                <line number="188" hits="1" branch="False" />
                <line number="189" hits="1" branch="True" condition-coverage="50% (1/2)">
                  <conditions>
                    <condition number="360" type="jump" coverage="50%" />
                  </conditions>
                </line>
                <line number="190" hits="0" branch="False" />
                <line number="194" hits="4" branch="True" condition-coverage="100% (2/2)">
                  <conditions>
                    <condition number="400" type="jump" coverage="100%" />
                  </conditions>
                </line>
                <line number="195" hits="4" branch="True" condition-coverage="100% (2/2)">
                  <conditions>
                    <condition number="447" type="jump" coverage="100%" />
                  </conditions>
                </line>
                <line number="197" hits="4" branch="False" />
                <line number="198" hits="4" branch="False" />
                <line number="199" hits="4" branch="False" />
                <line number="200" hits="4" branch="False" />
                <line number="201" hits="4" branch="False" />
                <line number="202" hits="4" branch="False" />
                <line number="204" hits="4" branch="False" />
                <line number="215" hits="4" branch="False" />
                <line number="218" hits="4" branch="True" condition-coverage="100% (2/2)">
                  <conditions>
                    <condition number="788" type="jump" coverage="100%" />
                  </conditions>
                </line>
                <line number="219" hits="4" branch="False" />
                <line number="220" hits="4" branch="False" />
                <line number="221" hits="4" branch="False" />
                <line number="224" hits="4" branch="False" />
                <line number="225" hits="4" branch="False" />
                <line number="226" hits="4" branch="False" />
                <line number="228" hits="4" branch="False" />
                <line number="229" hits="4" branch="False" />
                <line number="230" hits="4" branch="False" />
                <line number="231" hits="4" branch="False" />
                <line number="232" hits="4" branch="False" />
                <line number="233" hits="4" branch="False" />
                <line number="234" hits="4" branch="False" />
                <line number="235" hits="4" branch="False" />
                <line number="236" hits="4" branch="False" />
                <line number="237" hits="4" branch="False" />
                <line number="238" hits="4" branch="False" />
                <line number="239" hits="4" branch="False" />
                <line number="240" hits="4" branch="False" />
                <line number="242" hits="0" branch="False" />
                <line number="244" hits="0" branch="False" />
                <line number="246" hits="4" branch="False" />
              </lines>
            </method>
          </methods>
          <lines>
            <line number="174" hits="4" branch="True" condition-coverage="50% (1/2)">
              <conditions>
                <condition number="44" type="jump" coverage="50%" />
              </conditions>
            </line>
            <line number="175" hits="0" branch="False" />
            <line number="177" hits="4" branch="False" />
            <line number="180" hits="4" branch="True" condition-coverage="100% (2/2)">
              <conditions>
                <condition number="96" type="jump" coverage="100%" />
              </conditions>
            </line>
            <line number="182" hits="3" branch="False" />
            <line number="183" hits="3" branch="True" condition-coverage="50% (1/2)">
              <conditions>
                <condition number="220" type="jump" coverage="50%" />
              </conditions>
            </line>
            <line number="184" hits="0" branch="False" />
            <line number="188" hits="1" branch="False" />
            <line number="189" hits="1" branch="True" condition-coverage="50% (1/2)">
              <conditions>
                <condition number="360" type="jump" coverage="50%" />
              </conditions>
            </line>
            <line number="190" hits="0" branch="False" />
            <line number="194" hits="4" branch="True" condition-coverage="100% (2/2)">
              <conditions>
                <condition number="400" type="jump" coverage="100%" />
              </conditions>
            </line>
            <line number="195" hits="4" branch="True" condition-coverage="100% (2/2)">
              <conditions>
                <condition number="447" type="jump" coverage="100%" />
              </conditions>
            </line>
            <line number="197" hits="4" branch="False" />
            <line number="198" hits="4" branch="False" />
            <line number="199" hits="4" branch="False" />
            <line number="200" hits="4" branch="False" />
            <line number="201" hits="4" branch="False" />
            <line number="202" hits="4" branch="False" />
            <line number="204" hits="4" branch="False" />
            <line number="215" hits="4" branch="False" />
            <line number="218" hits="4" branch="True" condition-coverage="100% (2/2)">
              <conditions>
                <condition number="788" type="jump" coverage="100%" />
              </conditions>
            </line>
            <line number="219" hits="4" branch="False" />
            <line number="220" hits="4" branch="False" />
            <line number="221" hits="4" branch="False" />
            <line number="224" hits="4" branch="False" />
            <line number="225" hits="4" branch="False" />
            <line number="226" hits="4" branch="False" />
            <line number="228" hits="4" branch="False" />
            <line number="229" hits="4" branch="False" />
            <line number="230" hits="4" branch="False" />
            <line number="231" hits="4" branch="False" />
            <line number="232" hits="4" branch="False" />
            <line number="233" hits="4" branch="False" />
            <line number="234" hits="4" branch="False" />
            <line number="235" hits="4" branch="False" />
            <line number="236" hits="4" branch="False" />
            <line number="237" hits="4" branch="False" />
            <line number="238" hits="4" branch="False" />
            <line number="239" hits="4" branch="False" />
            <line number="240" hits="4" branch="False" />
            <line number="242" hits="0" branch="False" />
            <line number="244" hits="0" branch="False" />
            <line number="246" hits="4" branch="False" />
          </lines>
        </class>
        <class name="ControlFit.Api.Controllers.HistorialController/&lt;ObtenerHistorialMembresias&gt;d__6" filename="ControlFit.Api/Controllers/HistorialController.cs" line-rate="0.8974" branch-rate="0.6666" complexity="18">
          <methods>
            <method name="MoveNext" signature="()" line-rate="0.8974" branch-rate="0.6666" complexity="18">
              <lines>
                <line number="53" hits="4" branch="True" condition-coverage="100% (2/2)">
                  <conditions>
                    <condition number="48" type="jump" coverage="100%" />
                  </conditions>
                </line>
                <line number="54" hits="2" branch="False" />
                <line number="56" hits="2" branch="False" />
                <line number="59" hits="2" branch="True" condition-coverage="100% (2/2)">
                  <conditions>
                    <condition number="100" type="jump" coverage="100%" />
                  </conditions>
                </line>
                <line number="61" hits="1" branch="False" />
                <line number="62" hits="1" branch="True" condition-coverage="50% (1/2)">
                  <conditions>
                    <condition number="224" type="jump" coverage="50%" />
                  </conditions>
                </line>
                <line number="63" hits="0" branch="False" />
                <line number="67" hits="1" branch="False" />
                <line number="68" hits="1" branch="True" condition-coverage="50% (1/2)">
                  <conditions>
                    <condition number="364" type="jump" coverage="50%" />
                  </conditions>
                </line>
                <line number="69" hits="0" branch="False" />
                <line number="73" hits="2" branch="False" />
                <line number="75" hits="2" branch="False" />
                <line number="76" hits="6" branch="True" condition-coverage="100% (2/2)">
                  <conditions>
                    <condition number="851" type="jump" coverage="100%" />
                  </conditions>
                </line>
                <line number="78" hits="1" branch="False" />
                <line number="79" hits="1" branch="True" condition-coverage="50% (4/8)">
                  <conditions>
                    <condition number="689" type="jump" coverage="50%" />
                    <condition number="717" type="jump" coverage="50%" />
                    <condition number="731" type="jump" coverage="50%" />
                    <condition number="759" type="jump" coverage="50%" />
                  </conditions>
                </line>
                <line number="80" hits="1" branch="False" />
                <line number="81" hits="1" branch="False" />
                <line number="82" hits="1" branch="False" />
                <line number="83" hits="1" branch="False" />
                <line number="84" hits="1" branch="False" />
                <line number="85" hits="1" branch="False" />
                <line number="86" hits="1" branch="False" />
                <line number="87" hits="1" branch="False" />
                <line number="88" hits="1" branch="False" />
                <line number="89" hits="1" branch="False" />
                <line number="90" hits="1" branch="False" />
                <line number="91" hits="1" branch="False" />
                <line number="92" hits="1" branch="False" />
                <line number="93" hits="1" branch="False" />
                <line number="95" hits="2" branch="False" />
                <line number="96" hits="2" branch="False" />
                <line number="97" hits="2" branch="False" />
                <line number="98" hits="2" branch="False" />
                <line number="99" hits="2" branch="False" />
                <line number="100" hits="2" branch="False" />
                <line number="101" hits="2" branch="False" />
                <line number="103" hits="0" branch="False" />
                <line number="105" hits="0" branch="False" />
                <line number="107" hits="4" branch="False" />
              </lines>
            </method>
          </methods>
          <lines>
            <line number="53" hits="4" branch="True" condition-coverage="100% (2/2)">
              <conditions>
                <condition number="48" type="jump" coverage="100%" />
              </conditions>
            </line>
            <line number="54" hits="2" branch="False" />
            <line number="56" hits="2" branch="False" />
            <line number="59" hits="2" branch="True" condition-coverage="100% (2/2)">
              <conditions>
                <condition number="100" type="jump" coverage="100%" />
              </conditions>
            </line>
            <line number="61" hits="1" branch="False" />
            <line number="62" hits="1" branch="True" condition-coverage="50% (1/2)">
              <conditions>
                <condition number="224" type="jump" coverage="50%" />
              </conditions>
            </line>
            <line number="63" hits="0" branch="False" />
            <line number="67" hits="1" branch="False" />
            <line number="68" hits="1" branch="True" condition-coverage="50% (1/2)">
              <conditions>
                <condition number="364" type="jump" coverage="50%" />
              </conditions>
            </line>
            <line number="69" hits="0" branch="False" />
            <line number="73" hits="2" branch="False" />
            <line number="75" hits="2" branch="False" />
            <line number="76" hits="6" branch="True" condition-coverage="100% (2/2)">
              <conditions>
                <condition number="851" type="jump" coverage="100%" />
              </conditions>
            </line>
            <line number="78" hits="1" branch="False" />
            <line number="79" hits="1" branch="True" condition-coverage="50% (4/8)">
              <conditions>
                <condition number="689" type="jump" coverage="50%" />
                <condition number="717" type="jump" coverage="50%" />
                <condition number="731" type="jump" coverage="50%" />
                <condition number="759" type="jump" coverage="50%" />
              </conditions>
            </line>
            <line number="80" hits="1" branch="False" />
            <line number="81" hits="1" branch="False" />
            <line number="82" hits="1" branch="False" />
            <line number="83" hits="1" branch="False" />
            <line number="84" hits="1" branch="False" />
            <line number="85" hits="1" branch="False" />
            <line number="86" hits="1" branch="False" />
            <line number="87" hits="1" branch="False" />
            <line number="88" hits="1" branch="False" />
            <line number="89" hits="1" branch="False" />
            <line number="90" hits="1" branch="False" />
            <line number="91" hits="1" branch="False" />
            <line number="92" hits="1" branch="False" />
            <line number="93" hits="1" branch="False" />
            <line number="95" hits="2" branch="False" />
            <line number="96" hits="2" branch="False" />
            <line number="97" hits="2" branch="False" />
            <line number="98" hits="2" branch="False" />
            <line number="99" hits="2" branch="False" />
            <line number="100" hits="2" branch="False" />
            <line number="101" hits="2" branch="False" />
            <line number="103" hits="0" branch="False" />
            <line number="105" hits="0" branch="False" />
            <line number="107" hits="4" branch="False" />
          </lines>
        </class>
        <class name="ControlFit.Api.Controllers.HistorialController/&lt;ObtenerResumenMiembro&gt;d__9" filename="ControlFit.Api/Controllers/HistorialController.cs" line-rate="0.9621999999999999" branch-rate="0.875" complexity="16">
          <methods>
            <method name="MoveNext" signature="()" line-rate="0.9621999999999999" branch-rate="0.875" complexity="16">
              <lines>
                <line number="256" hits="5" branch="True" condition-coverage="100% (2/2)">
                  <conditions>
                    <condition number="52" type="jump" coverage="100%" />
                  </conditions>
                </line>
                <line number="257" hits="1" branch="False" />
                <line number="259" hits="4" branch="False" />
                <line number="262" hits="4" branch="True" condition-coverage="100% (2/2)">
                  <conditions>
                    <condition number="104" type="jump" coverage="100%" />
                  </conditions>
                </line>
                <line number="263" hits="4" branch="False" />
                <line number="264" hits="4" branch="False" />
                <line number="266" hits="4" branch="True" condition-coverage="100% (2/2)">
                  <conditions>
                    <condition number="350" type="jump" coverage="100%" />
                  </conditions>
                </line>
                <line number="267" hits="1" branch="False" />
                <line number="270" hits="3" branch="False" />
                <line number="271" hits="3" branch="True" condition-coverage="100% (2/2)">
                  <conditions>
                    <condition number="495" type="jump" coverage="100%" />
                  </conditions>
                </line>
                <line number="272" hits="3" branch="False" />
                <line number="273" hits="3" branch="False" />
                <line number="276" hits="3" branch="False" />
                <line number="277" hits="3" branch="False" />
                <line number="278" hits="3" branch="False" />
                <line number="279" hits="3" branch="False" />
                <line number="280" hits="3" branch="False" />
                <line number="281" hits="3" branch="False" />
                <line number="283" hits="3" branch="True" condition-coverage="75% (6/8)">
                  <conditions>
                    <condition number="882" type="jump" coverage="100%" />
                    <condition number="938" type="jump" coverage="50%" />
                    <condition number="969" type="jump" coverage="50%" />
                    <condition number="1058" type="jump" coverage="100%" />
                  </conditions>
                </line>
                <line number="284" hits="3" branch="False" />
                <line number="285" hits="3" branch="False" />
                <line number="286" hits="3" branch="False" />
[...]
                <line number="28" hits="1" branch="False" />
                <line number="30" hits="2" branch="False" />
                <line number="31" hits="2" branch="False" />
                <line number="33" hits="2" branch="False" />
              </lines>
            </method>
          </methods>
          <lines>
            <line number="24" hits="3" branch="False" />
            <line number="25" hits="3" branch="False" />
            <line number="26" hits="3" branch="True" condition-coverage="100% (2/2)">
              <conditions>
                <condition number="292" type="jump" coverage="100%" />
              </conditions>
            </line>
            <line number="28" hits="1" branch="False" />
            <line number="30" hits="2" branch="False" />
            <line number="31" hits="2" branch="False" />
            <line number="33" hits="2" branch="False" />
          </lines>
        </class>
        <class name="ControlFit.Infrastructure.Repository.MembresiaRepository/&lt;CrearAsync&gt;d__3" filename="ControlFit.Infrastructure/Repository/MembresiaRepository.cs" line-rate="1" branch-rate="1" complexity="2">
          <methods>
            <method name="MoveNext" signature="()" line-rate="1" branch-rate="1" complexity="2">
              <lines>
                <line number="37" hits="24" branch="False" />
                <line number="38" hits="24" branch="False" />
                <line number="39" hits="24" branch="True" condition-coverage="100% (2/2)">
                  <conditions>
                    <condition number="292" type="jump" coverage="100%" />
                  </conditions>
                </line>
                <line number="41" hits="1" branch="False" />
                <line number="43" hits="23" branch="False" />
                <line number="44" hits="23" branch="False" />
                <line number="45" hits="23" branch="False" />
                <line number="46" hits="23" branch="False" />
              </lines>
            </method>
          </methods>
          <lines>
            <line number="37" hits="24" branch="False" />
            <line number="38" hits="24" branch="False" />
            <line number="39" hits="24" branch="True" condition-coverage="100% (2/2)">
              <conditions>
                <condition number="292" type="jump" coverage="100%" />
              </conditions>
            </line>
            <line number="41" hits="1" branch="False" />
            <line number="43" hits="23" branch="False" />
            <line number="44" hits="23" branch="False" />
            <line number="45" hits="23" branch="False" />
            <line number="46" hits="23" branch="False" />
          </lines>
        </class>
        <class name="ControlFit.Infrastructure.Repository.MembresiaRepository/&lt;EliminarAsync&gt;d__4" filename="ControlFit.Infrastructure/Repository/MembresiaRepository.cs" line-rate="1" branch-rate="1" complexity="2">
          <methods>
            <method name="MoveNext" signature="()" line-rate="1" branch-rate="1" complexity="2">
              <lines>
                <line number="51" hits="1" branch="False" />
                <line number="52" hits="1" branch="True" condition-coverage="100% (2/2)">
                  <conditions>
                    <condition number="151" type="jump" coverage="100%" />
                  </conditions>
                </line>
                <line number="54" hits="1" branch="False" />
                <line number="55" hits="1" branch="False" />
                <line number="58" hits="1" branch="False" />
              </lines>
            </method>
          </methods>
          <lines>
            <line number="51" hits="1" branch="False" />
            <line number="52" hits="1" branch="True" condition-coverage="100% (2/2)">
              <conditions>
                <condition number="151" type="jump" coverage="100%" />
              </conditions>
            </line>
            <line number="54" hits="1" branch="False" />
            <line number="55" hits="1" branch="False" />
            <line number="58" hits="1" branch="False" />
          </lines>
        </class>
        <class name="ControlFit.Infrastructure.Repository.MembresiaRepository/&lt;ListarTodos&gt;d__5" filename="ControlFit.Infrastructure/Repository/MembresiaRepository.cs" line-rate="1" branch-rate="1" complexity="1">
          <methods>
            <method name="MoveNext" signature="()" line-rate="1" branch-rate="1" complexity="1">
              <lines>
                <line number="63" hits="2" branch="False" />
                <line number="64" hits="2" branch="False" />
              </lines>
            </method>
          </methods>
          <lines>
            <line number="63" hits="2" branch="False" />
            <line number="64" hits="2" branch="False" />
          </lines>
        </class>
        <class name="ControlFit.Infrastructure.Repository.MembresiaRepository/&lt;ListarTodosPorGimnasio&gt;d__6" filename="ControlFit.Infrastructure/Repository/MembresiaRepository.cs" line-rate="1" branch-rate="1" complexity="1">
          <methods>
            <method name="MoveNext" signature="()" line-rate="1" branch-rate="1" complexity="1">
              <lines>
                <line number="68" hits="2" branch="False" />
                <line number="69" hits="2" branch="False" />
                <line number="70" hits="2" branch="False" />
                <line number="71" hits="2" branch="False" />
                <line number="72" hits="2" branch="False" />
              </lines>
            </method>
          </methods>
          <lines>
            <line number="68" hits="2" branch="False" />
            <line number="69" hits="2" branch="False" />
            <line number="70" hits="2" branch="False" />
            <line number="71" hits="2" branch="False" />
            <line number="72" hits="2" branch="False" />
          </lines>
        </class>
        <class name="ControlFit.Infrastructure.Repository.MembresiaRepository/&lt;ObtenerPorIdAsync&gt;d__7" filename="ControlFit.Infrastructure/Repository/MembresiaRepository.cs" line-rate="1" branch-rate="1" complexity="1">
          <methods>
            <method name="MoveNext" signature="()" line-rate="1" branch-rate="1" complexity="1">
              <lines>
                <line number="77" hits="28" branch="False" />
                <line number="78" hits="28" branch="False" />
              </lines>
            </method>
          </methods>
          <lines>
            <line number="77" hits="28" branch="False" />
            <line number="78" hits="28" branch="False" />
          </lines>
        </class>
        <class name="ControlFit.Infrastructure.Repository.MembresiaRepository/&lt;ObtenerPorIdValidandoGimnasio&gt;d__8" filename="ControlFit.Infrastructure/Repository/MembresiaRepository.cs" line-rate="1" branch-rate="1" complexity="1">
          <methods>
            <method name="MoveNext" signature="()" line-rate="1" branch-rate="1" complexity="1">
              <lines>
                <line number="82" hits="6" branch="False" />
                <line number="83" hits="6" branch="False" />
                <line number="84" hits="6" branch="False" />
                <line number="85" hits="6" branch="False" />
              </lines>
            </method>
          </methods>
          <lines>
            <line number="82" hits="6" branch="False" />
            <line number="83" hits="6" branch="False" />
            <line number="84" hits="6" branch="False" />
            <line number="85" hits="6" branch="False" />
          </lines>
        </class>
        <class name="ControlFit.Infrastructure.Repository.TokenService" filename="ControlFit.Infrastructure/Repository/TokenService.cs" line-rate="1" branch-rate="1" complexity="2">
          <methods>
            <method name="GenerarToken" signature="(System.Int32,System.String,System.Nullable`1&lt;System.Int32&gt;)" line-rate="1" branch-rate="1" complexity="1">
              <lines>
                <line number="26" hits="10" branch="False" />
                <line number="27" hits="10" branch="False" />
                <line number="28" hits="10" branch="False" />
                <line number="29" hits="10" branch="False" />
                <line number="30" hits="10" branch="False" />
                <line number="31" hits="10" branch="False" />
                <line number="32" hits="10" branch="False" />
                <line number="33" hits="10" branch="False" />
                <line number="35" hits="10" branch="False" />
                <line number="36" hits="10" branch="False" />
                <line number="38" hits="10" branch="False" />
                <line number="39" hits="10" branch="False" />
                <line number="40" hits="10" branch="False" />
                <line number="41" hits="10" branch="False" />
                <line number="42" hits="10" branch="False" />
                <line number="43" hits="10" branch="False" />
                <line number="44" hits="10" branch="False" />
                <line number="46" hits="10" branch="False" />
              </lines>
            </method>
            <method name=".ctor" signature="(Microsoft.Extensions.Configuration.IConfiguration)" line-rate="1" branch-rate="1" complexity="1">
              <lines>
                <line number="19" hits="58" branch="False" />
                <line number="21" hits="58" branch="False" />
                <line number="22" hits="58" branch="False" />
              </lines>
            </method>
          </methods>
          <lines>
            <line number="26" hits="10" branch="False" />
            <line number="27" hits="10" branch="False" />
            <line number="28" hits="10" branch="False" />
            <line number="29" hits="10" branch="False" />
            <line number="30" hits="10" branch="False" />
            <line number="31" hits="10" branch="False" />
            <line number="32" hits="10" branch="False" />
            <line number="33" hits="10" branch="False" />
            <line number="35" hits="10" branch="False" />
            <line number="36" hits="10" branch="False" />
            <line number="38" hits="10" branch="False" />
            <line number="39" hits="10" branch="False" />
            <line number="40" hits="10" branch="False" />
            <line number="41" hits="10" branch="False" />
            <line number="42" hits="10" branch="False" />
            <line number="43" hits="10" branch="False" />
            <line number="44" hits="10" branch="False" />
            <line number="46" hits="10" branch="False" />
            <line number="19" hits="58" branch="False" />
            <line number="21" hits="58" branch="False" />
            <line number="22" hits="58" branch="False" />
          </lines>
        </class>
        <class name="ControlFit.Infrastructure.Persistencia.AppDbContext" filename="ControlFit.Infrastructure/Persistencia/AppDbContext.cs" line-rate="1" branch-rate="1" complexity="8">
          <methods>
            <method name="get_Administradores" signature="()" line-rate="1" branch-rate="1" complexity="1">
              <lines>
                <line number="15" hits="239" branch="False" />
              </lines>
            </method>
            <method name="get_Miembros" signature="()" line-rate="1" branch-rate="1" complexity="1">
              <lines>
                <line number="16" hits="299" branch="False" />
              </lines>
            </method>
            <method name="get_gimnasios" signature="()" line-rate="1" branch-rate="1" complexity="1">
              <lines>
                <line number="17" hits="260" branch="False" />
              </lines>
            </method>
            <method name="get_Membresias" signature="()" line-rate="1" branch-rate="1" complexity="1">
              <lines>
                <line number="18" hits="323" branch="False" />
              </lines>
            </method>
            <method name="get_AsignacionesMembresia" signature="()" line-rate="1" branch-rate="1" complexity="1">
              <lines>
                <line number="19" hits="285" branch="False" />
              </lines>
            </method>
            <method name="get_Asistencias" signature="()" line-rate="1" branch-rate="1" complexity="1">
              <lines>
                <line number="20" hits="252" branch="False" />
              </lines>
            </method>
            <method name="OnModelCreating" signature="(Microsoft.EntityFrameworkCore.ModelBuilder)" line-rate="1" branch-rate="1" complexity="1">
              <lines>
                <line number="23" hits="3" branch="False" />
                <line number="24" hits="3" branch="False" />
                <line number="25" hits="3" branch="False" />
                <line number="26" hits="3" branch="False" />
                <line number="27" hits="3" branch="False" />
                <line number="28" hits="3" branch="False" />
                <line number="29" hits="3" branch="False" />
                <line number="30" hits="3" branch="False" />
                <line number="31" hits="3" branch="False" />
                <line number="32" hits="3" branch="False" />
                <line number="33" hits="3" branch="False" />
                <line number="34" hits="3" branch="False" />
                <line number="35" hits="6" branch="False" />
                <line number="36" hits="3" branch="False" />
                <line number="37" hits="3" branch="False" />
                <line number="38" hits="3" branch="False" />
                <line number="39" hits="3" branch="False" />
                <line number="40" hits="3" branch="False" />
                <line number="41" hits="3" branch="False" />
                <line number="42" hits="3" branch="False" />
                <line number="43" hits="6" branch="False" />
                <line number="44" hits="3" branch="False" />
                <line number="45" hits="3" branch="False" />
                <line number="46" hits="3" branch="False" />
                <line number="47" hits="3" branch="False" />
                <line number="48" hits="3" branch="False" />
                <line number="49" hits="3" branch="False" />
                <line number="50" hits="3" branch="False" />
                <line number="51" hits="6" branch="False" />
                <line number="52" hits="3" branch="False" />
                <line number="53" hits="3" branch="False" />
                <line number="54" hits="3" branch="False" />
                <line number="55" hits="3" branch="False" />
                <line number="56" hits="3" branch="False" />
                <line number="57" hits="3" branch="False" />
                <line number="58" hits="3" branch="False" />
                <line number="59" hits="6" branch="False" />
                <line number="60" hits="3" branch="False" />
                <line number="61" hits="3" branch="False" />
                <line number="62" hits="3" branch="False" />
                <line number="63" hits="3" branch="False" />
                <line number="64" hits="3" branch="False" />
                <line number="65" hits="3" branch="False" />
                <line number="66" hits="3" branch="False" />
                <line number="67" hits="6" branch="False" />
                <line number="69" hits="3" branch="False" />
                <line number="70" hits="3" branch="False" />
                <line number="71" hits="3" branch="False" />
                <line number="72" hits="3" branch="False" />
                <line number="73" hits="3" branch="False" />
                <line number="74" hits="3" branch="False" />
                <line number="75" hits="3" branch="False" />
                <line number="76" hits="6" branch="False" />
                <line number="77" hits="3" branch="False" />
              </lines>
            </method>
            <method name=".ctor" signature="(Microsoft.EntityFrameworkCore.DbContextOptions`1&lt;ControlFit.Infrastructure.Persistencia.AppDbContext&gt;)" line-rate="1" branch-rate="1" complexity="1">
              <lines>
                <line number="13" hits="424" branch="False" />
              </lines>
            </method>
          </methods>
          <lines>
            <line number="15" hits="239" branch="False" />
            <line number="16" hits="299" branch="False" />
            <line number="17" hits="260" branch="False" />
            <line number="18" hits="323" branch="False" />
            <line number="19" hits="285" branch="False" />
            <line number="20" hits="252" branch="False" />
            <line number="23" hits="3" branch="False" />
            <line number="24" hits="3" branch="False" />
            <line number="25" hits="3" branch="False" />
            <line number="26" hits="3" branch="False" />
            <line number="27" hits="3" branch="False" />
            <line number="28" hits="3" branch="False" />
            <line number="29" hits="3" branch="False" />
            <line number="30" hits="3" branch="False" />
            <line number="31" hits="3" branch="False" />
            <line number="32" hits="3" branch="False" />
            <line number="33" hits="3" branch="False" />
            <line number="34" hits="3" branch="False" />
            <line number="35" hits="6" branch="False" />
            <line number="36" hits="3" branch="False" />
            <line number="37" hits="3" branch="False" />
            <line number="38" hits="3" branch="False" />
            <line number="39" hits="3" branch="False" />
            <line number="40" hits="3" branch="False" />
            <line number="41" hits="3" branch="False" />
            <line number="42" hits="3" branch="False" />
            <line number="43" hits="6" branch="False" />
            <line number="44" hits="3" branch="False" />
            <line number="45" hits="3" branch="False" />
            <line number="46" hits="3" branch="False" />
            <line number="47" hits="3" branch="False" />
            <line number="48" hits="3" branch="False" />
            <line number="49" hits="3" branch="False" />
            <line number="50" hits="3" branch="False" />
            <line number="51" hits="6" branch="False" />
            <line number="52" hits="3" branch="False" />
            <line number="53" hits="3" branch="False" />
            <line number="54" hits="3" branch="False" />
            <line number="55" hits="3" branch="False" />
            <line number="56" hits="3" branch="False" />
            <line number="57" hits="3" branch="False" />
            <line number="58" hits="3" branch="False" />
            <line number="59" hits="6" branch="False" />
            <line number="60" hits="3" branch="False" />
            <line number="61" hits="3" branch="False" />
            <line number="62" hits="3" branch="False" />
            <line number="63" hits="3" branch="False" />
            <line number="64" hits="3" branch="False" />
            <line number="65" hits="3" branch="False" />
            <line number="66" hits="3" branch="False" />
            <line number="67" hits="6" branch="False" />
            <line number="69" hits="3" branch="False" />
            <line number="70" hits="3" branch="False" />
            <line number="71" hits="3" branch="False" />
            <line number="72" hits="3" branch="False" />
            <line number="73" hits="3" branch="False" />
            <line number="74" hits="3" branch="False" />
            <line number="75" hits="3" branch="False" />
            <line number="76" hits="6" branch="False" />
            <line number="77" hits="3" branch="False" />
            <line number="13" hits="424" branch="False" />
          </lines>
        </class>
      </classes>
    </package>
  </packages>
</coverage>